\BOOKMARK [0][-]{chapter.1}{\376\377\000D\000a\000t\000a\000\040\000S\000t\000r\000u\000c\000t\000u\000r\000e\000\040\000I\000n\000d\000e\000x}{}% 1
\BOOKMARK [1][-]{section.1.1}{\376\377\000D\000a\000t\000a\000\040\000S\000t\000r\000u\000c\000t\000u\000r\000e\000s}{chapter.1}% 2
\BOOKMARK [0][-]{chapter.2}{\376\377\000F\000i\000l\000e\000\040\000I\000n\000d\000e\000x}{}% 3
\BOOKMARK [1][-]{section.2.1}{\376\377\000F\000i\000l\000e\000\040\000L\000i\000s\000t}{chapter.2}% 4
\BOOKMARK [0][-]{chapter.3}{\376\377\000D\000a\000t\000a\000\040\000S\000t\000r\000u\000c\000t\000u\000r\000e\000\040\000D\000o\000c\000u\000m\000e\000n\000t\000a\000t\000i\000o\000n}{}% 5
\BOOKMARK [1][-]{section.3.1}{\376\377\000g\000a\000m\000e\000\040\000S\000t\000r\000u\000c\000t\000\040\000R\000e\000f\000e\000r\000e\000n\000c\000e}{chapter.3}% 6
\BOOKMARK [1][-]{section.3.2}{\376\377\000g\000r\000i\000d\000\137\000s\000\040\000S\000t\000r\000u\000c\000t\000\040\000R\000e\000f\000e\000r\000e\000n\000c\000e}{chapter.3}% 7
\BOOKMARK [1][-]{section.3.3}{\376\377\000s\000t\000r\000a\000t\000e\000g\000y\000\137\000s\000\040\000S\000t\000r\000u\000c\000t\000\040\000R\000e\000f\000e\000r\000e\000n\000c\000e}{chapter.3}% 8
\BOOKMARK [2][-]{subsection.3.3.1}{\376\377\000D\000e\000t\000a\000i\000l\000e\000d\000\040\000D\000e\000s\000c\000r\000i\000p\000t\000i\000o\000n}{section.3.3}% 9
\BOOKMARK [2][-]{subsection.3.3.2}{\376\377\000F\000i\000e\000l\000d\000\040\000D\000o\000c\000u\000m\000e\000n\000t\000a\000t\000i\000o\000n}{section.3.3}% 10
\BOOKMARK [3][-]{subsubsection.3.3.2.1}{\376\377\000f\000r\000e\000e\000\137\000s\000t\000r\000a\000t\000e\000g\000y}{subsection.3.3.2}% 11
\BOOKMARK [3][-]{subsubsection.3.3.2.2}{\376\377\000n\000a\000m\000e}{subsection.3.3.2}% 12
\BOOKMARK [3][-]{subsubsection.3.3.2.3}{\376\377\000p\000l\000a\000y\000\137\000m\000o\000v\000e}{subsection.3.3.2}% 13
\BOOKMARK [1][-]{section.3.4}{\376\377\000v\000a\000r\000s\000\137\000d\000r\000a\000w\000\040\000S\000t\000r\000u\000c\000t\000\040\000R\000e\000f\000e\000r\000e\000n\000c\000e}{chapter.3}% 14
\BOOKMARK [0][-]{chapter.4}{\376\377\000F\000i\000l\000e\000\040\000D\000o\000c\000u\000m\000e\000n\000t\000a\000t\000i\000o\000n}{}% 15
\BOOKMARK [1][-]{section.4.1}{\376\377\000i\000n\000c\000l\000u\000d\000e\000/\000g\000r\000i\000d\000.\000h\000\040\000F\000i\000l\000e\000\040\000R\000e\000f\000e\000r\000e\000n\000c\000e}{chapter.4}% 16
\BOOKMARK [2][-]{subsection.4.1.1}{\376\377\000D\000e\000t\000a\000i\000l\000e\000d\000\040\000D\000e\000s\000c\000r\000i\000p\000t\000i\000o\000n}{section.4.1}% 17
\BOOKMARK [2][-]{subsection.4.1.2}{\376\377\000M\000a\000c\000r\000o\000\040\000D\000e\000f\000i\000n\000i\000t\000i\000o\000n\000\040\000D\000o\000c\000u\000m\000e\000n\000t\000a\000t\000i\000o\000n}{section.4.1}% 18
\BOOKMARK [3][-]{subsubsection.4.1.2.1}{\376\377\000G\000R\000I\000D\000\137\000S\000I\000D\000E}{subsection.4.1.2}% 19
\BOOKMARK [2][-]{subsection.4.1.3}{\376\377\000T\000y\000p\000e\000d\000e\000f\000\040\000D\000o\000c\000u\000m\000e\000n\000t\000a\000t\000i\000o\000n}{section.4.1}% 20
\BOOKMARK [3][-]{subsubsection.4.1.3.1}{\376\377\000g\000r\000i\000d}{subsection.4.1.3}% 21
\BOOKMARK [2][-]{subsection.4.1.4}{\376\377\000F\000u\000n\000c\000t\000i\000o\000n\000\040\000D\000o\000c\000u\000m\000e\000n\000t\000a\000t\000i\000o\000n}{section.4.1}% 22
\BOOKMARK [3][-]{subsubsection.4.1.4.1}{\376\377\000a\000d\000d\000\137\000t\000i\000l\000e}{subsection.4.1.4}% 23
\BOOKMARK [3][-]{subsubsection.4.1.4.2}{\376\377\000c\000a\000n\000\137\000m\000o\000v\000e}{subsection.4.1.4}% 24
\BOOKMARK [3][-]{subsubsection.4.1.4.3}{\376\377\000c\000o\000p\000y\000\137\000g\000r\000i\000d}{subsection.4.1.4}% 25
\BOOKMARK [3][-]{subsubsection.4.1.4.4}{\376\377\000d\000e\000l\000e\000t\000e\000\137\000g\000r\000i\000d}{subsection.4.1.4}% 26
\BOOKMARK [3][-]{subsubsection.4.1.4.5}{\376\377\000d\000o\000\137\000m\000o\000v\000e}{subsection.4.1.4}% 27
\BOOKMARK [3][-]{subsubsection.4.1.4.6}{\376\377\000g\000a\000m\000e\000\137\000o\000v\000e\000r}{subsection.4.1.4}% 28
\BOOKMARK [3][-]{subsubsection.4.1.4.7}{\376\377\000g\000e\000t\000\137\000t\000i\000l\000e}{subsection.4.1.4}% 29
\BOOKMARK [3][-]{subsubsection.4.1.4.8}{\376\377\000g\000r\000i\000d\000\137\000s\000c\000o\000r\000e}{subsection.4.1.4}% 30
\BOOKMARK [3][-]{subsubsection.4.1.4.9}{\376\377\000n\000e\000w\000\137\000g\000r\000i\000d}{subsection.4.1.4}% 31
\BOOKMARK [3][-]{subsubsection.4.1.4.10}{\376\377\000p\000l\000a\000y}{subsection.4.1.4}% 32
\BOOKMARK [3][-]{subsubsection.4.1.4.11}{\376\377\000s\000e\000t\000\137\000t\000i\000l\000e}{subsection.4.1.4}% 33
\BOOKMARK [1][-]{section.4.2}{\376\377\000i\000n\000c\000l\000u\000d\000e\000/\000s\000t\000r\000a\000t\000e\000g\000y\000.\000h\000\040\000F\000i\000l\000e\000\040\000R\000e\000f\000e\000r\000e\000n\000c\000e}{chapter.4}% 34
\BOOKMARK [2][-]{subsection.4.2.1}{\376\377\000D\000e\000t\000a\000i\000l\000e\000d\000\040\000D\000e\000s\000c\000r\000i\000p\000t\000i\000o\000n}{section.4.2}% 35
\BOOKMARK [2][-]{subsection.4.2.2}{\376\377\000T\000y\000p\000e\000d\000e\000f\000\040\000D\000o\000c\000u\000m\000e\000n\000t\000a\000t\000i\000o\000n}{section.4.2}% 36
\BOOKMARK [3][-]{subsubsection.4.2.2.1}{\376\377\000s\000t\000r\000a\000t\000e\000g\000y}{subsection.4.2.2}% 37
\BOOKMARK [2][-]{subsection.4.2.3}{\376\377\000F\000u\000n\000c\000t\000i\000o\000n\000\040\000D\000o\000c\000u\000m\000e\000n\000t\000a\000t\000i\000o\000n}{section.4.2}% 38
\BOOKMARK [3][-]{subsubsection.4.2.3.1}{\376\377\000F\000i\000r\000s\000t\000S\000t\000r\000a\000t}{subsection.4.2.3}% 39
\BOOKMARK [3][-]{subsubsection.4.2.3.2}{\376\377\000f\000r\000e\000e\000\137\000m\000e\000m\000l\000e\000s\000s\000\137\000s\000t\000r\000a\000t}{subsection.4.2.3}% 40
\BOOKMARK [0][-]{section*.14}{\376\377\000I\000n\000d\000e\000x}{}% 41
